<?xml version="1.0" encoding="UTF-8"?>
<testsuite xmlns:xsi="http://www.w3.org/2001/XMLSchema-instance" xsi:noNamespaceSchemaLocation="https://maven.apache.org/surefire/maven-surefire-plugin/xsd/surefire-test-report-3.0.xsd" version="3.0" name="com.assignment.TestRunner" time="33.304" tests="66" errors="0" skipped="0" failures="0">
  <properties>
[...]
</properties>
  <testcase name="Post user insert api" classname="Verify user insertion with valid data in mandatory field" time="1.106">
    <system-out><![CDATA[
@ValidInsertion
Scenario: Verify user insertion with valid data in mandatory field &amp#27;[90m# src/test/java/com/assignment/feature/UserInsertion.feature:4&amp#27;[0m
]]></system-out>
  </testcase>
  <testcase name="provided valid header value" classname="Verify user insertion with valid data in mandatory field" time="0.018">
    <system-out><![CDATA[  &amp#27;[32mGiven &amp#27;[0m&amp#27;[32mPost user insert api&amp#27;[0m                                       &amp#27;[90m# com.assignment.steps.UserInsertStepDefination.post_user_insert_api()&amp#27;[0m
]]></system-out>
  </testcase>
  <testcase name="provided valid data in mandatory field (id &amp; phone_number)" classname="Verify user insertion with valid data in mandatory field" time="0.001">
    <system-out><![CDATA[  &amp#27;[32mWhen &amp#27;[0m&amp#27;[32mprovided valid header value&amp#27;[0m                                 &amp#27;[90m# com.assignment.steps.UserInsertStepDefination.provided_valid_header_value()&amp#27;[0m
{"phone_number":"6577264349","id":"4cd69dfb-743b-4ea6-ae19-bec02b18fd7a"}
]]></system-out>
  </testcase>
  <testcase name="Status_code equals 200" classname="Verify user insertion with valid data in mandatory field" time="0.912">
    <system-out><![CDATA[  &amp#27;[32mAnd &amp#27;[0m&amp#27;[32mprovided valid data in mandatory field (id & phone_number)&amp#27;[0m   &amp#27;[90m# com.assignment.steps.UserInsertStepDefination.provided_valid_data_in_mandatory_field_id_phone_number()&amp#27;[0m
Request method:	POST
Request URI:	http://localhost:8080/api
Proxy:			<none>
Request params:	<none>
Query params:	<none>
Form params:	<none>
Path params:	<none>
Headers:		x-session-token=authorized-user
				user-agent=testing
				Accept=*/*
				Content-Type=application/json
Cookies:		<none>
Multiparts:		<none>
Body:
{
    "phone_number": "6577264349",
    "id": "4cd69dfb-743b-4ea6-ae19-bec02b18fd7a"
}
]]></system-out>
  </testcase>
  <testcase name="validate response schema" classname="Verify user insertion with valid data in mandatory field" time="0.27">
    <system-out><![CDATA[  &amp#27;[32mThen &amp#27;[0m&amp#27;[32mStatus_code equals &amp#27;[0m&amp#27;[32m&amp#27;[1m200&amp#27;[0m                                      &amp#27;[90m# com.assignment.steps.UserInsertValidationStep.status_code_equals(java.lang.Integer)&amp#27;[0m
]]></system-out>
  </testcase>
  <testcase name="&quot;message&quot; message is &quot;customer created&quot;" classname="Verify user insertion with valid data in mandatory field" time="0.021">
    <system-out><![CDATA[  &amp#27;[32mAnd &amp#27;[0m&amp#27;[32mvalidate response schema&amp#27;[0m                                     &amp#27;[90m# com.assignment.steps.UserInsertValidationStep.validateResponseSchema()&amp#27;[0m
]]></system-out>
  </testcase>
  <testcase name="validate data in db" classname="Verify user insertion with valid data in mandatory field" time="0.005">
    <system-out><![CDATA[  &amp#27;[32mAnd &amp#27;[0m&amp#27;[32m&amp#27;[0m&amp#27;[32m&amp#27;[1m"message"&amp#27;[0m&amp#27;[32m message is &amp#27;[0m&amp#27;[32m&amp#27;[1m"customer created"&amp#27;[0m                      &amp#27;[90m# com.assignment.steps.UserInsertValidationStep.messageIs(java.lang.String,java.lang.String)&amp#27;[0m
ID to query: 4cd69dfb-743b-4ea6-ae19-bec02b18fd7a
]]></system-out>
  </testcase>
  <testcase name="validate sms_sent flag becomes 1 within 20 sec" classname="Verify user insertion with valid data in mandatory field" time="15.797">
    <system-out><![CDATA[  &amp#27;[32mAnd &amp#27;[0m&amp#27;[32mvalidate data in db&amp#27;[0m                                          &amp#27;[90m# com.assignment.steps.UserInsertValidationStep.validate_data_in_db()&amp#27;[0m
sms_sent: 1
]]></system-out>
  </testcase>
  <testcase name="" classname="Verify user insertion with valid data in mandatory field" time="15.804">
    <system-out><![CDATA[  &amp#27;[32mAnd &amp#27;[0m&amp#27;[32mvalidate sms_sent flag becomes &amp#27;[0m&amp#27;[32m&amp#27;[1m1&amp#27;[0m&amp#27;[32m within &amp#27;[0m&amp#27;[32m&amp#27;[1m20&amp#27;[0m&amp#27;[32m sec&amp#27;[0m               &amp#27;[90m# com.assignment.steps.UserInsertValidationStep.validate_sms_sent_flag_becomes_within_sec(java.lang.Integer,java.lang.Integer)&amp#27;[0m
]]></system-out>
  </testcase>
  <testcase name="Post user insert api" classname="Verify user insertion with valid data in mandatory &amp; optional field" time="0.053">
    <system-out><![CDATA[
@ValidInsertion
Scenario: Verify user insertion with valid data in mandatory & optional field &amp#27;[90m# src/test/java/com/assignment/feature/UserInsertion.feature:15&amp#27;[0m
]]></system-out>
  </testcase>
  <testcase name="provided valid header value" classname="Verify user insertion with valid data in mandatory &amp; optional field" time="0">
    <system-out><![CDATA[  &amp#27;[32mGiven &amp#27;[0m&amp#27;[32mPost user insert api&amp#27;[0m                                                  &amp#27;[90m# com.assignment.steps.UserInsertStepDefination.post_user_insert_api()&amp#27;[0m
]]></system-out>
  </testcase>
  <testcase name="provided valid data in optional field (name)" classname="Verify user insertion with valid data in mandatory &amp; optional field" time="0">
    <system-out><![CDATA[  &amp#27;[32mWhen &amp#27;[0m&amp#27;[32mprovided valid header value&amp#27;[0m                                            &amp#27;[90m# com.assignment.steps.UserInsertStepDefination.provided_valid_header_value()&amp#27;[0m
]]></system-out>
  </testcase>
  <testcase name="Status_code equals 200" classname="Verify user insertion with valid data in mandatory &amp; optional field" time="0.029">
    <system-out><![CDATA[  &amp#27;[32mAnd &amp#27;[0m&amp#27;[32mprovided valid data in optional field (name)&amp#27;[0m                            &amp#27;[90m# com.assignment.steps.UserInsertStepDefination.providedValidDataInOptionalFieldIdPhone_number()&amp#27;[0m
Request method:	POST
Request URI:	http://localhost:8080/api
Proxy:			<none>
Request params:	<none>
Query params:	<none>
Form params:	<none>
Path params:	<none>
Headers:		x-session-token=authorized-user
				user-agent=testing
				Accept=*/*
				Content-Type=application/json
Cookies:		<none>
Multiparts:		<none>
Body:
{
    "name": "AMTZVcuexI",
    "phone_number": "2683530106",
    "id": "5676017d-49f6-4e14-a3e0-fcb02986dbbb"
}
]]></system-out>
  </testcase>
  <testcase name="validate response schema" classname="Verify user insertion with valid data in mandatory &amp; optional field" time="0.005">
    <system-out><![CDATA[  &amp#27;[32mThen &amp#27;[0m&amp#27;[32mStatus_code equals &amp#27;[0m&amp#27;[32m&amp#27;[1m200&amp#27;[0m                                                 &amp#27;[90m# com.assignment.steps.UserInsertValidationStep.status_code_equals(java.lang.Integer)&amp#27;[0m
]]></system-out>
  </testcase>
  <testcase name="&quot;message&quot; message is &quot;customer created&quot;" classname="Verify user insertion with valid data in mandatory &amp; optional field" time="0.015">
    <system-out><![CDATA[  &amp#27;[32mAnd &amp#27;[0m&amp#27;[32mvalidate response schema&amp#27;[0m                                                &amp#27;[90m# com.assignment.steps.UserInsertValidationStep.validateResponseSchema()&amp#27;[0m
]]></system-out>
  </testcase>
  <testcase name="validate data in db" classname="Verify user insertion with valid data in mandatory &amp; optional field" time="0">
    <system-out><![CDATA[  &amp#27;[32mAnd &amp#27;[0m&amp#27;[32m&amp#27;[0m&amp#27;[32m&amp#27;[1m"message"&amp#27;[0m&amp#27;[32m message is &amp#27;[0m&amp#27;[32m&amp#27;[1m"customer created"&amp#27;[0m                                 &amp#27;[90m# com.assignment.steps.UserInsertValidationStep.messageIs(java.lang.String,java.lang.String)&amp#27;[0m
ID to query: 5676017d-49f6-4e14-a3e0-fcb02986dbbb
]]></system-out>
  </testcase>
  <testcase name="validate sms_sent flag becomes 1 within 20 sec" classname="Verify user insertion with valid data in mandatory &amp; optional field" time="13.13">
    <system-out><![CDATA[  &amp#27;[32mAnd &amp#27;[0m&amp#27;[32mvalidate data in db&amp#27;[0m                                                     &amp#27;[90m# com.assignment.steps.UserInsertValidationStep.validate_data_in_db()&amp#27;[0m
sms_sent: 1
]]></system-out>
  </testcase>
  <testcase name="" classname="Verify user insertion with valid data in mandatory &amp; optional field" time="13.132">
    <system-out><![CDATA[  &amp#27;[32mAnd &amp#27;[0m&amp#27;[32mvalidate sms_sent flag becomes &amp#27;[0m&amp#27;[32m&amp#27;[1m1&amp#27;[0m&amp#27;[32m within &amp#27;[0m&amp#27;[32m&amp#27;[1m20&amp#27;[0m&amp#27;[32m sec&amp#27;[0m                          &amp#27;[90m# com.assignment.steps.UserInsertValidationStep.validate_sms_sent_flag_becomes_within_sec(java.lang.Integer,java.lang.Integer)&amp#27;[0m
]]></system-out>
  </testcase>
  <testcase name="Post user insert api" classname="Verify user insertion fails for duplicate user id" time="0.036">
    <system-out><![CDATA[
@InvalidInsertion
Scenario: Verify user insertion fails for duplicate user id       &amp#27;[90m# src/test/java/com/assignment/feature/UserInsertion.feature:26&amp#27;[0m
]]></system-out>
  </testcase>
  <testcase name="provided valid header value" classname="Verify user insertion fails for duplicate user id" time="0">
    <system-out><![CDATA[  &amp#27;[32mGiven &amp#27;[0m&amp#27;[32mPost user insert api&amp#27;[0m                                      &amp#27;[90m# com.assignment.steps.UserInsertStepDefination.post_user_insert_api()&amp#27;[0m
]]></system-out>
  </testcase>
  <testcase name="user id is already inserted" classname="Verify user insertion fails for duplicate user id" time="0.027">
    <system-out><![CDATA[  &amp#27;[32mWhen &amp#27;[0m&amp#27;[32mprovided valid header value&amp#27;[0m                                &amp#27;[90m# com.assignment.steps.UserInsertStepDefination.provided_valid_header_value()&amp#27;[0m
{"phone_number":"1734373941","id":"2712cf43-7e62-4fac-88df-e49d7bf14b41"}
Request method:	POST
Request URI:	http://localhost:8080/api
Proxy:			<none>
Request params:	<none>
Query params:	<none>
Form params:	<none>
Path params:	<none>
Headers:		x-session-token=authorized-user
				user-agent=testing
				Accept=*/*
				Content-Type=application/json
Cookies:		<none>
Multiparts:		<none>
Body:
{
    "phone_number": "1734373941",
    "id": "2712cf43-7e62-4fac-88df-e49d7bf14b41"
}
{"phone_number":"1734373941","id":"2712cf43-7e62-4fac-88df-e49d7bf14b41"}
]]></system-out>
  </testcase>
  <testcase name="Status_code equals 500" classname="Verify user insertion fails for duplicate user id" time="0.024">
    <system-out><![CDATA[  &amp#27;[32mAnd &amp#27;[0m&amp#27;[32muser id is already inserted&amp#27;[0m                                 &amp#27;[90m# com.assignment.steps.UserInsertStepDefination.user_id_is_already_inserted()&amp#27;[0m
Request method:	POST
Request URI:	http://localhost:8080/api
Proxy:			<none>
Request params:	<none>
Query params:	<none>
Form params:	<none>
Path params:	<none>
Headers:		x-session-token=authorized-user
				user-agent=testing
				Accept=*/*
				Content-Type=application/json
Cookies:		<none>
Multiparts:		<none>
Body:
{
    "phone_number": "1734373941",
    "id": "2712cf43-7e62-4fac-88df-e49d7bf14b41"
}
]]></system-out>
  </testcase>
  <testcase name="&quot;error&quot; message is &quot;UNIQUE constraint failed: customers.id&quot;" classname="Verify user insertion fails for duplicate user id" time="0.021">
    <system-out><![CDATA[  &amp#27;[32mThen &amp#27;[0m&amp#27;[32mStatus_code equals &amp#27;[0m&amp#27;[32m&amp#27;[1m500&amp#27;[0m                                     &amp#27;[90m# com.assignment.steps.UserInsertValidationStep.status_code_equals(java.lang.Integer)&amp#27;[0m
]]></system-out>
  </testcase>
  <testcase name="" classname="Verify user insertion fails for duplicate user id" time="0.022">
    <system-out><![CDATA[  &amp#27;[32mAnd &amp#27;[0m&amp#27;[32m&amp#27;[0m&amp#27;[32m&amp#27;[1m"error"&amp#27;[0m&amp#27;[32m message is &amp#27;[0m&amp#27;[32m&amp#27;[1m"UNIQUE constraint failed: customers.id"&amp#27;[0m &amp#27;[90m# com.assignment.steps.UserInsertValidationStep.messageIs(java.lang.String,java.lang.String)&amp#27;[0m
]]></system-out>
  </testcase>
  <testcase name="Post user insert api" classname="Verify user insertion fails if x-session-token is missing" time="0.033">
    <system-out><![CDATA[
@InvalidInsertion
Scenario: Verify user insertion fails if x-session-token is missing &amp#27;[90m# src/test/java/com/assignment/feature/UserInsertion.feature:34&amp#27;[0m
]]></system-out>
  </testcase>
  <testcase name="&quot;x-session-token&quot; is missing" classname="Verify user insertion fails if x-session-token is missing" time="0">
    <system-out><![CDATA[  &amp#27;[32mGiven &amp#27;[0m&amp#27;[32mPost user insert api&amp#27;[0m                                        &amp#27;[90m# com.assignment.steps.UserInsertStepDefination.post_user_insert_api()&amp#27;[0m
]]></system-out>
  </testcase>
  <testcase name="provided valid data in mandatory field (id &amp; phone_number)" classname="Verify user insertion fails if x-session-token is missing" time="0">
    <system-out><![CDATA[  &amp#27;[32mWhen &amp#27;[0m&amp#27;[32m&amp#27;[0m&amp#27;[32m&amp#27;[1m"x-session-token"&amp#27;[0m&amp#27;[32m is missing&amp#27;[0m                                 &amp#27;[90m# com.assignment.steps.UserInsertStepDefination.is_missing(java.lang.String)&amp#27;[0m
{"phone_number":"9998063414","id":"57cbb54c-5793-42b0-8556-de3e2acc1e46"}
]]></system-out>
  </testcase>
  <testcase name="Status_code equals 403" classname="Verify user insertion fails if x-session-token is missing" time="0.009">
    <system-out><![CDATA[  &amp#27;[32mAnd &amp#27;[0m&amp#27;[32mprovided valid data in mandatory field (id & phone_number)&amp#27;[0m    &amp#27;[90m# com.assignment.steps.UserInsertStepDefination.provided_valid_data_in_mandatory_field_id_phone_number()&amp#27;[0m
Request method:	POST
Request URI:	http://localhost:8080/api
Proxy:			<none>
Request params:	<none>
Query params:	<none>
Form params:	<none>
Path params:	<none>
Headers:		user-agent=testing
				Accept=*/*
				Content-Type=application/json
Cookies:		<none>
Multiparts:		<none>
Body:
{
    "phone_number": "9998063414",
    "id": "57cbb54c-5793-42b0-8556-de3e2acc1e46"
}
]]></system-out>
  </testcase>
  <testcase name="&quot;error&quot; message is &quot;request cannot be authenticated!&quot;" classname="Verify user insertion fails if x-session-token is missing" time="0.02">
    <system-out><![CDATA[  &amp#27;[32mThen &amp#27;[0m&amp#27;[32mStatus_code equals &amp#27;[0m&amp#27;[32m&amp#27;[1m403&amp#27;[0m                                       &amp#27;[90m# com.assignment.steps.UserInsertValidationStep.status_code_equals(java.lang.Integer)&amp#27;[0m
]]></system-out>
  </testcase>
  <testcase name="" classname="Verify user insertion fails if x-session-token is missing" time="0.02">
    <system-out><![CDATA[  &amp#27;[32mAnd &amp#27;[0m&amp#27;[32m&amp#27;[0m&amp#27;[32m&amp#27;[1m"error"&amp#27;[0m&amp#27;[32m message is &amp#27;[0m&amp#27;[32m&amp#27;[1m"request cannot be authenticated!"&amp#27;[0m         &amp#27;[90m# com.assignment.steps.UserInsertValidationStep.messageIs(java.lang.String,java.lang.String)&amp#27;[0m
]]></system-out>
  </testcase>
  <testcase name="Post user insert api" classname="Verify user insertion fails if mandatory field is missing" time="0.037">
    <system-out><![CDATA[
@InvalidInsertion
Scenario: Verify user insertion fails if mandatory field is missing      &amp#27;[90m# src/test/java/com/assignment/feature/UserInsertion.feature:42&amp#27;[0m
]]></system-out>
  </testcase>
  <testcase name="provided valid header value" classname="Verify user insertion fails if mandatory field is missing" time="0">
    <system-out><![CDATA[  &amp#27;[32mGiven &amp#27;[0m&amp#27;[32mPost user insert api&amp#27;[0m                                             &amp#27;[90m# com.assignment.steps.UserInsertStepDefination.post_user_insert_api()&amp#27;[0m
]]></system-out>
  </testcase>
  <testcase name="&quot;id&quot; is missing" classname="Verify user insertion fails if mandatory field is missing" time="0">
    <system-out><![CDATA[  &amp#27;[32mWhen &amp#27;[0m&amp#27;[32mprovided valid header value&amp#27;[0m                                       &amp#27;[90m# com.assignment.steps.UserInsertStepDefination.provided_valid_header_value()&amp#27;[0m
{"phone_number":"1279240870","id":""}
]]></system-out>
  </testcase>
  <testcase name="Status_code equals 400" classname="Verify user insertion fails if mandatory field is missing" time="0.011">
    <system-out><![CDATA[  &amp#27;[32mAnd &amp#27;[0m&amp#27;[32m&amp#27;[0m&amp#27;[32m&amp#27;[1m"id"&amp#27;[0m&amp#27;[32m is missing&amp#27;[0m                                                    &amp#27;[90m# com.assignment.steps.UserInsertStepDefination.is_missing(java.lang.String)&amp#27;[0m
Request method:	POST
Request URI:	http://localhost:8080/api
Proxy:			<none>
Request params:	<none>
Query params:	<none>
Form params:	<none>
Path params:	<none>
Headers:		x-session-token=authorized-user
				user-agent=testing
				Accept=*/*
				Content-Type=application/json
Cookies:		<none>
Multiparts:		<none>
Body:
{
    "phone_number": "1279240870",
    "id": ""
}
]]></system-out>
  </testcase>
  <testcase name="&quot;error&quot; message is &quot;&apos;Customer.ID&apos; Error:Field validation for &apos;ID&apos;&quot;" classname="Verify user insertion fails if mandatory field is missing" time="0.017">
    <system-out><![CDATA[  &amp#27;[32mThen &amp#27;[0m&amp#27;[32mStatus_code equals &amp#27;[0m&amp#27;[32m&amp#27;[1m400&amp#27;[0m                                            &amp#27;[90m# com.assignment.steps.UserInsertValidationStep.status_code_equals(java.lang.Integer)&amp#27;[0m
]]></system-out>
  </testcase>
  <testcase name="" classname="Verify user insertion fails if mandatory field is missing" time="0.019">
    <system-out><![CDATA[  &amp#27;[32mAnd &amp#27;[0m&amp#27;[32m&amp#27;[0m&amp#27;[32m&amp#27;[1m"error"&amp#27;[0m&amp#27;[32m message is &amp#27;[0m&amp#27;[32m&amp#27;[1m"'Customer.ID' Error:Field validation for 'ID'"&amp#27;[0m &amp#27;[90m# com.assignment.steps.UserInsertValidationStep.messageIs(java.lang.String,java.lang.String)&amp#27;[0m
]]></system-out>
  </testcase>
  <testcase name="Post user insert api" classname="Verify user insertion fails with invalid header value #1" time="0.037">
    <system-out><![CDATA[
@InvalidInsertion
Scenario Outline: Verify user insertion fails with invalid header value &amp#27;[90m# src/test/java/com/assignment/feature/UserInsertion.feature:59&amp#27;[0m
]]></system-out>
  </testcase>
  <testcase name="x-session-token is null and user-agent is testing in header" classname="Verify user insertion fails with invalid header value #1" time="0.001">
    <system-out><![CDATA[  &amp#27;[32mGiven &amp#27;[0m&amp#27;[32mPost user insert api&amp#27;[0m                                            &amp#27;[90m# com.assignment.steps.UserInsertStepDefination.post_user_insert_api()&amp#27;[0m
]]></system-out>
  </testcase>
  <testcase name="provided valid data in mandatory field (id &amp; phone_number)" classname="Verify user insertion fails with invalid header value #1" time="0">
    <system-out><![CDATA[  &amp#27;[32mWhen &amp#27;[0m&amp#27;[32mx-session-token is &amp#27;[0m&amp#27;[32m&amp#27;[1mnull&amp#27;[0m&amp#27;[32m and user-agent is &amp#27;[0m&amp#27;[32m&amp#27;[1mtesting&amp#27;[0m&amp#27;[32m in header&amp#27;[0m      &amp#27;[90m# com.assignment.steps.UserInsertStepDefination.xsessiontoken_is_and_useragent_is_in_header(java.lang.String,java.lang.String)&amp#27;[0m
{"phone_number":"8751161735","id":"c1e1be8f-c117-4666-8a64-feada8895d51"}
]]></system-out>
  </testcase>
  <testcase name="Status_code equals 403" classname="Verify user insertion fails with invalid header value #1" time="0.009">
    <system-out><![CDATA[  &amp#27;[32mAnd &amp#27;[0m&amp#27;[32mprovided valid data in mandatory field (id & phone_number)&amp#27;[0m        &amp#27;[90m# com.assignment.steps.UserInsertStepDefination.provided_valid_data_in_mandatory_field_id_phone_number()&amp#27;[0m
Request method:	POST
Request URI:	http://localhost:8080/api
Proxy:			<none>
Request params:	<none>
Query params:	<none>
Form params:	<none>
Path params:	<none>
Headers:		x-session-token=null
				user-agent=testing
				Accept=*/*
				Content-Type=application/json
Cookies:		<none>
Multiparts:		<none>
Body:
{
    "phone_number": "8751161735",
    "id": "c1e1be8f-c117-4666-8a64-feada8895d51"
}
]]></system-out>
  </testcase>
  <testcase name="error message is request cannot be authenticated!" classname="Verify user insertion fails with invalid header value #1" time="0.015">
    <system-out><![CDATA[  &amp#27;[32mThen &amp#27;[0m&amp#27;[32mStatus_code equals &amp#27;[0m&amp#27;[32m&amp#27;[1m403&amp#27;[0m                                           &amp#27;[90m# com.assignment.steps.UserInsertValidationStep.status_code_equals(java.lang.Integer)&amp#27;[0m
]]></system-out>
  </testcase>
  <testcase name="" classname="Verify user insertion fails with invalid header value #1" time="0.016">
    <system-out><![CDATA[  &amp#27;[32mAnd &amp#27;[0m&amp#27;[32merror message is &amp#27;[0m&amp#27;[32m&amp#27;[1mrequest cannot be authenticated!&amp#27;[0m                 &amp#27;[90m# com.assignment.steps.UserInsertValidationStep.error_message_is(java.lang.String)&amp#27;[0m
]]></system-out>
  </testcase>
  <testcase name="Post user insert api" classname="Verify user insertion fails with invalid header value #2" time="0.039">
    <system-out><![CDATA[
@InvalidInsertion
Scenario Outline: Verify user insertion fails with invalid header value           &amp#27;[90m# src/test/java/com/assignment/feature/UserInsertion.feature:60&amp#27;[0m
]]></system-out>
  </testcase>
  <testcase name="x-session-token is authorized-user and user-agent is testing-bot in header" classname="Verify user insertion fails with invalid header value #2" time="0">
    <system-out><![CDATA[  &amp#27;[32mGiven &amp#27;[0m&amp#27;[32mPost user insert api&amp#27;[0m                                                      &amp#27;[90m# com.assignment.steps.UserInsertStepDefination.post_user_insert_api()&amp#27;[0m
]]></system-out>
  </testcase>
  <testcase name="provided valid data in mandatory field (id &amp; phone_number)" classname="Verify user insertion fails with invalid header value #2" time="0">
    <system-out><![CDATA[  &amp#27;[32mWhen &amp#27;[0m&amp#27;[32mx-session-token is &amp#27;[0m&amp#27;[32m&amp#27;[1mauthorized-user&amp#27;[0m&amp#27;[32m and user-agent is &amp#27;[0m&amp#27;[32m&amp#27;[1mtesting-bot&amp#27;[0m&amp#27;[32m in header&amp#27;[0m &amp#27;[90m# com.assignment.steps.UserInsertStepDefination.xsessiontoken_is_and_useragent_is_in_header(java.lang.String,java.lang.String)&amp#27;[0m
{"phone_number":"7550849299","id":"63b8836c-5a7c-4a97-bfcf-0f0bdfda0514"}
]]></system-out>
  </testcase>
  <testcase name="Status_code equals 400" classname="Verify user insertion fails with invalid header value #2" time="0.013">
    <system-out><![CDATA[  &amp#27;[32mAnd &amp#27;[0m&amp#27;[32mprovided valid data in mandatory field (id & phone_number)&amp#27;[0m                  &amp#27;[90m# com.assignment.steps.UserInsertStepDefination.provided_valid_data_in_mandatory_field_id_phone_number()&amp#27;[0m
Request method:	POST
Request URI:	http://localhost:8080/api
Proxy:			<none>
Request params:	<none>
Query params:	<none>
Form params:	<none>
Path params:	<none>
Headers:		x-session-token=authorized-user
				user-agent=testing-bot
				Accept=*/*
				Content-Type=application/json
Cookies:		<none>
Multiparts:		<none>
Body:
{
    "phone_number": "7550849299",
    "id": "63b8836c-5a7c-4a97-bfcf-0f0bdfda0514"
}
]]></system-out>
  </testcase>
  <testcase name="error message is bad bot, go away!" classname="Verify user insertion fails with invalid header value #2" time="0.016">
    <system-out><![CDATA[  &amp#27;[32mThen &amp#27;[0m&amp#27;[32mStatus_code equals &amp#27;[0m&amp#27;[32m&amp#27;[1m400&amp#27;[0m                                                     &amp#27;[90m# com.assignment.steps.UserInsertValidationStep.status_code_equals(java.lang.Integer)&amp#27;[0m
]]></system-out>
  </testcase>
  <testcase name="" classname="Verify user insertion fails with invalid header value #2" time="0.017">
    <system-out><![CDATA[  &amp#27;[32mAnd &amp#27;[0m&amp#27;[32merror message is &amp#27;[0m&amp#27;[32m&amp#27;[1mbad bot, go away!&amp#27;[0m                                          &amp#27;[90m# com.assignment.steps.UserInsertValidationStep.error_message_is(java.lang.String)&amp#27;[0m
]]></system-out>
  </testcase>
  <testcase name="Post user insert api" classname="Verify user insertion fails with invalid value in payload #1" time="0.033">
    <system-out><![CDATA[
@InvalidInsertion
Scenario Outline: Verify user insertion fails with invalid value in payload &amp#27;[90m# src/test/java/com/assignment/feature/UserInsertion.feature:72&amp#27;[0m
]]></system-out>
  </testcase>
  <testcase name="provided valid header value" classname="Verify user insertion fails with invalid value in payload #1" time="0">
    <system-out><![CDATA[  &amp#27;[32mGiven &amp#27;[0m&amp#27;[32mPost user insert api&amp#27;[0m                                                &amp#27;[90m# com.assignment.steps.UserInsertStepDefination.post_user_insert_api()&amp#27;[0m
]]></system-out>
  </testcase>
  <testcase name="name is ashis@h and phone_number is 9977880022 in payload" classname="Verify user insertion fails with invalid value in payload #1" time="0">
    <system-out><![CDATA[  &amp#27;[32mWhen &amp#27;[0m&amp#27;[32mprovided valid header value&amp#27;[0m                                          &amp#27;[90m# com.assignment.steps.UserInsertStepDefination.provided_valid_header_value()&amp#27;[0m
]]></system-out>
  </testcase>
  <testcase name="Status_code equals 400" classname="Verify user insertion fails with invalid value in payload #1" time="0.011">
    <system-out><![CDATA[  &amp#27;[32mAnd &amp#27;[0m&amp#27;[32mname is &amp#27;[0m&amp#27;[32m&amp#27;[1mashis@h&amp#27;[0m&amp#27;[32m and phone_number is &amp#27;[0m&amp#27;[32m&amp#27;[1m9977880022&amp#27;[0m&amp#27;[32m in payload&amp#27;[0m             &amp#27;[90m# com.assignment.steps.UserInsertStepDefination.name_is_and_phonenumber_is_in_payload(java.lang.String,java.lang.String)&amp#27;[0m
Request method:	POST
Request URI:	http://localhost:8080/api
Proxy:			<none>
Request params:	<none>
Query params:	<none>
Form params:	<none>
Path params:	<none>
Headers:		x-session-token=authorized-user
				user-agent=testing
				Accept=*/*
				Content-Type=application/json
Cookies:		<none>
Multiparts:		<none>
Body:
{
    "name": "ashis@h",
    "phone_number": "9977880022",
    "id": "a3bedd87-d581-4f94-b98f-c4fdd3b65e25"
}
]]></system-out>
  </testcase>
  <testcase name="error message is name has special characters" classname="Verify user insertion fails with invalid value in payload #1" time="0.019">
    <system-out><![CDATA[  &amp#27;[32mThen &amp#27;[0m&amp#27;[32mStatus_code equals &amp#27;[0m&amp#27;[32m&amp#27;[1m400&amp#27;[0m                                               &amp#27;[90m# com.assignment.steps.UserInsertValidationStep.status_code_equals(java.lang.Integer)&amp#27;[0m
]]></system-out>
  </testcase>
  <testcase name="" classname="Verify user insertion fails with invalid value in payload #1" time="0.019">
    <system-out><![CDATA[  &amp#27;[32mAnd &amp#27;[0m&amp#27;[32merror message is &amp#27;[0m&amp#27;[32m&amp#27;[1mname has special characters&amp#27;[0m                          &amp#27;[90m# com.assignment.steps.UserInsertValidationStep.error_message_is(java.lang.String)&amp#27;[0m
]]></system-out>
  </testcase>
  <testcase name="Post user insert api" classname="Verify user insertion fails with invalid value in payload #2" time="0.029">
    <system-out><![CDATA[
@InvalidInsertion
Scenario Outline: Verify user insertion fails with invalid value in payload &amp#27;[90m# src/test/java/com/assignment/feature/UserInsertion.feature:73&amp#27;[0m
]]></system-out>
  </testcase>
  <testcase name="provided valid header value" classname="Verify user insertion fails with invalid value in payload #2" time="0.001">
    <system-out><![CDATA[  &amp#27;[32mGiven &amp#27;[0m&amp#27;[32mPost user insert api&amp#27;[0m                                                &amp#27;[90m# com.assignment.steps.UserInsertStepDefination.post_user_insert_api()&amp#27;[0m
]]></system-out>
  </testcase>
  <testcase name="name is ashish and phone_number is 997788002211 in payload" classname="Verify user insertion fails with invalid value in payload #2" time="0">
    <system-out><![CDATA[  &amp#27;[32mWhen &amp#27;[0m&amp#27;[32mprovided valid header value&amp#27;[0m                                          &amp#27;[90m# com.assignment.steps.UserInsertStepDefination.provided_valid_header_value()&amp#27;[0m
]]></system-out>
  </testcase>
  <testcase name="Status_code equals 500" classname="Verify user insertion fails with invalid value in payload #2" time="0.008">
    <system-out><![CDATA[  &amp#27;[32mAnd &amp#27;[0m&amp#27;[32mname is &amp#27;[0m&amp#27;[32m&amp#27;[1mashish&amp#27;[0m&amp#27;[32m and phone_number is &amp#27;[0m&amp#27;[32m&amp#27;[1m997788002211&amp#27;[0m&amp#27;[32m in payload&amp#27;[0m            &amp#27;[90m# com.assignment.steps.UserInsertStepDefination.name_is_and_phonenumber_is_in_payload(java.lang.String,java.lang.String)&amp#27;[0m
Request method:	POST
Request URI:	http://localhost:8080/api
Proxy:			<none>
Request params:	<none>
Query params:	<none>
Form params:	<none>
Path params:	<none>
Headers:		x-session-token=authorized-user
				user-agent=testing
				Accept=*/*
				Content-Type=application/json
Cookies:		<none>
Multiparts:		<none>
Body:
{
    "name": "ashish",
    "phone_number": "997788002211",
    "id": "bd1a54d4-ee44-4dcc-90bd-5e3b1bc074b4"
}
]]></system-out>
  </testcase>
  <testcase name="error message is CHECK constraint failed: length(phone_number) = 10" classname="Verify user insertion fails with invalid value in payload #2" time="0.012">
    <system-out><![CDATA[  &amp#27;[32mThen &amp#27;[0m&amp#27;[32mStatus_code equals &amp#27;[0m&amp#27;[32m&amp#27;[1m500&amp#27;[0m                                               &amp#27;[90m# com.assignment.steps.UserInsertValidationStep.status_code_equals(java.lang.Integer)&amp#27;[0m
]]></system-out>
  </testcase>
  <testcase name="" classname="Verify user insertion fails with invalid value in payload #2" time="0.013">
    <system-out><![CDATA[  &amp#27;[32mAnd &amp#27;[0m&amp#27;[32merror message is &amp#27;[0m&amp#27;[32m&amp#27;[1mCHECK constraint failed: length(phone_number) = 10&amp#27;[0m   &amp#27;[90m# com.assignment.steps.UserInsertValidationStep.error_message_is(java.lang.String)&amp#27;[0m
]]></system-out>
  </testcase>
  <testcase name="Post user insert api" classname="Verify user insertion fails with invalid value in payload #3" time="0.027">
    <system-out><![CDATA[
@InvalidInsertion
Scenario Outline: Verify user insertion fails with invalid value in payload &amp#27;[90m# src/test/java/com/assignment/feature/UserInsertion.feature:74&amp#27;[0m
]]></system-out>
  </testcase>
  <testcase name="provided valid header value" classname="Verify user insertion fails with invalid value in payload #3" time="0">
    <system-out><![CDATA[  &amp#27;[32mGiven &amp#27;[0m&amp#27;[32mPost user insert api&amp#27;[0m                                                &amp#27;[90m# com.assignment.steps.UserInsertStepDefination.post_user_insert_api()&amp#27;[0m
]]></system-out>
  </testcase>
  <testcase name="name is ashish and phone_number is 997788002 in payload" classname="Verify user insertion fails with invalid value in payload #3" time="0">
    <system-out><![CDATA[  &amp#27;[32mWhen &amp#27;[0m&amp#27;[32mprovided valid header value&amp#27;[0m                                          &amp#27;[90m# com.assignment.steps.UserInsertStepDefination.provided_valid_header_value()&amp#27;[0m
]]></system-out>
  </testcase>
  <testcase name="Status_code equals 500" classname="Verify user insertion fails with invalid value in payload #3" time="0.01">
    <system-out><![CDATA[  &amp#27;[32mAnd &amp#27;[0m&amp#27;[32mname is &amp#27;[0m&amp#27;[32m&amp#27;[1mashish&amp#27;[0m&amp#27;[32m and phone_number is &amp#27;[0m&amp#27;[32m&amp#27;[1m997788002&amp#27;[0m&amp#27;[32m in payload&amp#27;[0m               &amp#27;[90m# com.assignment.steps.UserInsertStepDefination.name_is_and_phonenumber_is_in_payload(java.lang.String,java.lang.String)&amp#27;[0m
Request method:	POST
Request URI:	http://localhost:8080/api
Proxy:			<none>
Request params:	<none>
Query params:	<none>
Form params:	<none>
Path params:	<none>
Headers:		x-session-token=authorized-user
				user-agent=testing
				Accept=*/*
				Content-Type=application/json
Cookies:		<none>
Multiparts:		<none>
Body:
{
    "name": "ashish",
    "phone_number": "997788002",
    "id": "baebf45d-b0f8-4885-9ec7-9f629ff1d7bb"
}
]]></system-out>
  </testcase>
  <testcase name="error message is CHECK constraint failed: length(phone_number) = 10" classname="Verify user insertion fails with invalid value in payload #3" time="0.012">
    <system-out><![CDATA[  &amp#27;[32mThen &amp#27;[0m&amp#27;[32mStatus_code equals &amp#27;[0m&amp#27;[32m&amp#27;[1m500&amp#27;[0m                                               &amp#27;[90m# com.assignment.steps.UserInsertValidationStep.status_code_equals(java.lang.Integer)&amp#27;[0m
]]></system-out>
  </testcase>
  <testcase name="" classname="Verify user insertion fails with invalid value in payload #3" time="0.012">
    <system-out><![CDATA[  &amp#27;[32mAnd &amp#27;[0m&amp#27;[32merror message is &amp#27;[0m&amp#27;[32m&amp#27;[1mCHECK constraint failed: length(phone_number) = 10&amp#27;[0m   &amp#27;[90m# com.assignment.steps.UserInsertValidationStep.error_message_is(java.lang.String)&amp#27;[0m
]]></system-out>
  </testcase>
</testsuite>